color-guess-apk-source/app/build/intermediates/manifest_merge_blame_file/debug/manifest-merger-blame-debug-report.txt
1<?xml version="1.0" encoding="utf-8"?>
2<manifest xmlns:android="http://schemas.android.com/apk/res/android"
3    package="com.hill.colorguess"
4    android:versionCode="1"
5    android:versionName="1.0" >
6
7    <uses-sdk
8        android:minSdkVersion="21"
9        android:targetSdkVersion="33" />
10
11    <uses-permission android:name="android.permission.INTERNET" />
11-->src/main/AndroidManifest.xml:5:5-67
11-->src/main/AndroidManifest.xml:5:22-64
12
13    <application
13-->src/main/AndroidManifest.xml:7:5-22:19
14        android:allowBackup="true"
14-->src/main/AndroidManifest.xml:8:9-35
15        android:debuggable="true"
16        android:extractNativeLibs="true"
17        android:icon="@mipmap/ic_launcher"
17-->src/main/AndroidManifest.xml:10:9-43
18        android:label="猜颜色游戏"
18-->src/main/AndroidManifest.xml:9:9-30
19        android:theme="@android:style/Theme.NoTitleBar.Fullscreen" >
19-->src/main/AndroidManifest.xml:11:9-67
20        <activity
20-->src/main/AndroidManifest.xml:13:9-21:20
21            android:name="com.hill.colorguess.MainActivity"
21-->src/main/AndroidManifest.xml:14:13-41
22            android:configChanges="orientation|screenSize"
22-->src/main/AndroidManifest.xml:16:13-59
23            android:exported="true" >
23-->src/main/AndroidManifest.xml:15:13-36
24            <intent-filter>
24-->src/main/AndroidManifest.xml:17:13-20:29
25                <action android:name="android.intent.action.MAIN" />
25-->src/main/AndroidManifest.xml:18:17-69
25-->src/main/AndroidManifest.xml:18:25-66
26
27                <category android:name="android.intent.category.LAUNCHER" />
27-->src/main/AndroidManifest.xml:19:17-77
27-->src/main/AndroidManifest.xml:19:27-74
28            </intent-filter>
29        </activity>
30    </application>
31
32</manifest>